<?xml version="1.0" encoding="UTF-8"?>
<!-- Generated by org.testng.reporters.JUnitReportReporter -->
<testsuite skipped="0" hostname="Ashwinis-Air" name="com.ApiTest.LoginTest" tests="1" failures="0" timestamp="2022-02-17T15:59:13 PST" time="3.507" errors="0">
  <testcase name="loginApi" time="3.507" classname="com.ApiTest.LoginTest"/>
  <system-out/>
</testsuite> <!-- com.ApiTest.LoginTest -->
