<?xml version="1.0" encoding="UTF-8"?>
<!-- Generated by org.testng.reporters.JUnitReportReporter -->
<testsuite skipped="0" hostname="Ashwinis-Air" name="com.test.tests.LoginToApiTest" tests="1" failures="0" timestamp="2022-02-19T06:54:35 PST" time="6.074" errors="0">
  <testcase name="loginAPI" time="6.074" classname="com.test.tests.LoginToApiTest"/>
  <system-out/>
</testsuite> <!-- com.test.tests.LoginToApiTest -->
