<?xml version="1.0" encoding="UTF-8"?>
<!-- Generated by org.testng.reporters.JUnitReportReporter -->
<testsuite skipped="0" hostname="Ashwinis-Air" name="com.ApiTest.TeckarchApi" tests="1" failures="0" timestamp="2022-02-17T17:26:48 PST" time="4.452" errors="0">
  <testcase name="createUser" time="4.452" classname="com.ApiTest.TeckarchApi"/>
  <system-out/>
</testsuite> <!-- com.ApiTest.TeckarchApi -->
