<?xml version="1.0" encoding="UTF-8"?>
<!-- Generated by org.testng.reporters.JUnitReportReporter -->
<testsuite skipped="0" hostname="Ashwinis-Air" name="com.test.tests.AddUserDataTest" tests="1" failures="0" timestamp="2022-02-19T13:30:06 PST" time="5.743" errors="0">
  <testcase name="addUserAPI" time="5.743" classname="com.test.tests.AddUserDataTest"/>
  <system-out/>
</testsuite> <!-- com.test.tests.AddUserDataTest -->
