<?xml version="1.0" encoding="UTF-8"?>
<!-- Generated by org.testng.reporters.JUnitReportReporter -->
<testsuite skipped="0" hostname="Ashwinis-Air" name="com.test.tests.DeleteUserDataTest2" tests="1" failures="0" timestamp="2022-02-19T14:28:05 PST" time="7.133" errors="0">
  <testcase name="UpdateUserAPI" time="7.133" classname="com.test.tests.DeleteUserDataTest2"/>
  <system-out/>
</testsuite> <!-- com.test.tests.DeleteUserDataTest2 -->
