<?xml version="1.0" encoding="UTF-8"?>
<!-- Generated by org.testng.reporters.JUnitReportReporter -->
<testsuite skipped="0" hostname="Ashwinis-Air" name="com.ApiTest.SimpleProgram" tests="1" failures="0" timestamp="2022-02-17T15:43:25 PST" time="4.164" errors="0">
  <testcase name="getValue" time="4.164" classname="com.ApiTest.SimpleProgram"/>
  <system-out/>
</testsuite> <!-- com.ApiTest.SimpleProgram -->
