<?xml version="1.0" encoding="UTF-8"?>
<!-- Generated by org.testng.reporters.JUnitReportReporter -->
<testsuite skipped="0" hostname="Ashwinis-Air" name="com.test.tests.GetUserDataTest2" tests="1" failures="0" timestamp="2022-02-19T07:03:06 PST" time="11.097" errors="0">
  <testcase name="getData" time="11.097" classname="com.test.tests.GetUserDataTest2"/>
  <system-out/>
</testsuite> <!-- com.test.tests.GetUserDataTest2 -->
