<?xml version="1.0" encoding="UTF-8"?>
<!-- Generated by org.testng.reporters.JUnitReportReporter -->
<testsuite skipped="0" hostname="Ashwinis-Air" name="com.test.tests.UpdateUserDataTest" tests="1" failures="0" timestamp="2022-02-19T14:27:29 PST" time="6.824" errors="0">
  <testcase name="UpdateUserAPI" time="6.824" classname="com.test.tests.UpdateUserDataTest"/>
  <system-out/>
</testsuite> <!-- com.test.tests.UpdateUserDataTest -->
