<?xml version="1.0" encoding="UTF-8"?>
<!-- Generated by org.testng.reporters.JUnitReportReporter -->
<testsuite skipped="0" hostname="Ashwinis-Air" name="com.test.simpleCRUDWithTecharchApplication.TechArchApiTestEndToEnd" tests="1" failures="0" timestamp="2022-02-19T14:36:27 PST" time="16.041" errors="0">
  <testcase name="allTest" time="16.041" classname="com.test.simpleCRUDWithTecharchApplication.TechArchApiTestEndToEnd"/>
  <system-out/>
</testsuite> <!-- com.test.simpleCRUDWithTecharchApplication.TechArchApiTestEndToEnd -->
